<?xml version="1.0" encoding="UTF-8"?>
<!-- Generated by org.testng.reporters.JUnitXMLReporter -->
<testsuite ignored="1" hostname="LAPTOP-VATP5N91" failures="0" tests="4" name="OrangeHRMMyInfo" time="24.093" errors="0" timestamp="2024-07-15T15:39:49 AEST">
  <testcase classname="com.testng.tests.OrangeHRM" name="LaunchApp" time="12.321"/>
  <testcase classname="com.testng.tests.OrangeHRM" name="EnterLoginDetails" time="3.478"/>
  <testcase classname="com.testng.tests.OrangeHRM" name="NavigateToMyInfo" time="4.854"/>
  <testcase classname="com.testng.tests.OrangeHRM" name="VerifyMyInfo" time="3.421"/>
  <testcase classname="com.testng.tests.OrangeHRM" name="VerifyLogin" time="0.0">
    <ignored/>
  </testcase> <!-- VerifyLogin -->
</testsuite> <!-- OrangeHRMMyInfo -->
