<?xml version="1.0" encoding="UTF-8"?>
<!-- Generated by org.testng.reporters.JUnitXMLReporter -->
<testsuite ignored="2" hostname="LAPTOP-VATP5N91" failures="0" tests="3" name="OrangeHRMLogin" time="19.894" errors="0" timestamp="2024-07-15T15:39:25 AEST">
  <testcase classname="com.testng.tests.OrangeHRM" name="LaunchApp" time="14.466"/>
  <testcase classname="com.testng.tests.OrangeHRM" name="EnterLoginDetails" time="3.283"/>
  <testcase classname="com.testng.tests.OrangeHRM" name="VerifyLogin" time="2.085"/>
  <testcase classname="com.testng.tests.OrangeHRM" name="NavigateToMyInfo" time="0.0">
    <ignored/>
  </testcase> <!-- NavigateToMyInfo -->
  <testcase classname="com.testng.tests.OrangeHRM" name="VerifyMyInfo" time="0.0">
    <ignored/>
  </testcase> <!-- VerifyMyInfo -->
</testsuite> <!-- OrangeHRMLogin -->
