<?xml version="1.0" encoding="UTF-8"?>
<!-- Generated by org.testng.reporters.JUnitXMLReporter -->
<testsuite ignored="1" hostname="LAPTOP-VATP5N91" failures="0" tests="1" name="TestGoogle" time="10.774" errors="0" timestamp="2024-07-15T15:40:00 AEST">
  <testcase classname="com.testng.tests.FirstTest" name="TestGoogle" time="10.77"/>
  <testcase classname="com.testng.tests.FirstTest" name="TestFacebook" time="0.0">
    <ignored/>
  </testcase> <!-- TestFacebook -->
</testsuite> <!-- TestGoogle -->
