<?xml version="1.0" encoding="UTF-8"?>
<testng-results ignored="4" total="12" passed="8" failed="0" skipped="0">
  <reporter-output>
  </reporter-output>
  <suite started-at="2024-07-15T15:39:05 AEST" name="DemoSuite" finished-at="2024-07-15T15:40:00 AEST" duration-ms="54784">
    <groups>
    </groups>
    <test started-at="2024-07-15T15:39:05 AEST" name="OrangeHRMLogin" finished-at="2024-07-15T15:39:25 AEST" duration-ms="19894">
      <class name="com.testng.tests.OrangeHRM">
        <test-method signature="LaunchApp()[pri:0, instance:com.testng.tests.OrangeHRM@dbf57b3]" started-at="2024-07-15T15:39:05 AEST" name="LaunchApp" finished-at="2024-07-15T15:39:19 AEST" duration-ms="14466" status="PASS">
          <reporter-output>
          </reporter-output>
        </test-method> <!-- LaunchApp -->
        <test-method signature="EnterLoginDetails()[pri:0, instance:com.testng.tests.OrangeHRM@dbf57b3]" started-at="2024-07-15T15:39:19 AEST" name="EnterLoginDetails" finished-at="2024-07-15T15:39:23 AEST" duration-ms="3283" status="PASS">
          <reporter-output>
          </reporter-output>
        </test-method> <!-- EnterLoginDetails -->
        <test-method signature="VerifyLogin()[pri:0, instance:com.testng.tests.OrangeHRM@dbf57b3]" started-at="2024-07-15T15:39:23 AEST" name="VerifyLogin" finished-at="2024-07-15T15:39:25 AEST" duration-ms="2085" status="PASS">
          <reporter-output>
          </reporter-output>
        </test-method> <!-- VerifyLogin -->
      </class> <!-- com.testng.tests.OrangeHRM -->
    </test> <!-- OrangeHRMLogin -->
    <test started-at="2024-07-15T15:39:25 AEST" name="OrangeHRMMyInfo" finished-at="2024-07-15T15:39:49 AEST" duration-ms="24093">
      <class name="com.testng.tests.OrangeHRM">
        <test-method signature="LaunchApp()[pri:0, instance:com.testng.tests.OrangeHRM@c8c12ac]" started-at="2024-07-15T15:39:25 AEST" name="LaunchApp" finished-at="2024-07-15T15:39:37 AEST" duration-ms="12321" status="PASS">
          <reporter-output>
          </reporter-output>
        </test-method> <!-- LaunchApp -->
        <test-method signature="EnterLoginDetails()[pri:0, instance:com.testng.tests.OrangeHRM@c8c12ac]" started-at="2024-07-15T15:39:37 AEST" name="EnterLoginDetails" finished-at="2024-07-15T15:39:40 AEST" duration-ms="3478" status="PASS">
          <reporter-output>
          </reporter-output>
        </test-method> <!-- EnterLoginDetails -->
        <test-method signature="NavigateToMyInfo()[pri:0, instance:com.testng.tests.OrangeHRM@c8c12ac]" started-at="2024-07-15T15:39:40 AEST" name="NavigateToMyInfo" finished-at="2024-07-15T15:39:45 AEST" duration-ms="4854" status="PASS">
          <reporter-output>
          </reporter-output>
        </test-method> <!-- NavigateToMyInfo -->
        <test-method signature="VerifyMyInfo()[pri:0, instance:com.testng.tests.OrangeHRM@c8c12ac]" started-at="2024-07-15T15:39:45 AEST" name="VerifyMyInfo" finished-at="2024-07-15T15:39:49 AEST" duration-ms="3421" status="PASS">
          <reporter-output>
          </reporter-output>
        </test-method> <!-- VerifyMyInfo -->
      </class> <!-- com.testng.tests.OrangeHRM -->
    </test> <!-- OrangeHRMMyInfo -->
    <test started-at="2024-07-15T15:39:49 AEST" name="TestGoogle" finished-at="2024-07-15T15:40:00 AEST" duration-ms="10774">
      <class name="com.testng.tests.FirstTest">
        <test-method signature="TestGoogle()[pri:0, instance:com.testng.tests.FirstTest@4efbca5a]" started-at="2024-07-15T15:39:49 AEST" name="TestGoogle" finished-at="2024-07-15T15:40:00 AEST" duration-ms="10770" status="PASS">
          <reporter-output>
          </reporter-output>
        </test-method> <!-- TestGoogle -->
      </class> <!-- com.testng.tests.FirstTest -->
    </test> <!-- TestGoogle -->
  </suite> <!-- DemoSuite -->
</testng-results>
