<?xml version="1.0" encoding="UTF-8"?>
<testng-results ignored="0" total="2" passed="2" failed="0" skipped="0">
  <reporter-output>
  </reporter-output>
  <suite started-at="2024-07-15T04:48:31 AEST" name="Default suite" finished-at="2024-07-15T04:48:58 AEST" duration-ms="27818">
    <groups>
    </groups>
    <test started-at="2024-07-15T04:48:31 AEST" name="Default test" finished-at="2024-07-15T04:48:58 AEST" duration-ms="27818">
      <class name="com.testng.tests.FirstTest">
        <test-method signature="TestFacebook()[pri:0, instance:com.testng.tests.FirstTest@40ef3420]" started-at="2024-07-15T04:48:31 AEST" name="TestFacebook" finished-at="2024-07-15T04:48:47 AEST" duration-ms="16439" status="PASS">
          <reporter-output>
          </reporter-output>
        </test-method> <!-- TestFacebook -->
        <test-method signature="TestGoogle()[pri:0, instance:com.testng.tests.FirstTest@40ef3420]" started-at="2024-07-15T04:48:47 AEST" name="TestGoogle" finished-at="2024-07-15T04:48:58 AEST" duration-ms="11334" status="PASS">
          <reporter-output>
          </reporter-output>
        </test-method> <!-- TestGoogle -->
      </class> <!-- com.testng.tests.FirstTest -->
    </test> <!-- Default test -->
  </suite> <!-- Default suite -->
</testng-results>
